Analysis & Synthesis report for CNN2FPGAVHDL
Tue Mar 19 16:06:45 2024
Quartus Prime Version 20.1.1 Build 720 11/11/2020 SJ Lite Edition


---------------------
; Table of Contents ;
---------------------
  1. Legal Notice
  2. Analysis & Synthesis Summary
  3. Analysis & Synthesis Settings
  4. Parallel Compilation
  5. Analysis & Synthesis Source Files Read
  6. Analysis & Synthesis Resource Usage Summary
  7. Analysis & Synthesis Resource Utilization by Entity
  8. General Register Statistics
  9. Parameter Settings for User Entity Instance: Top-level Entity: |CNN2FPGAVHDL
 10. Parameter Settings for User Entity Instance: nucleoConvolucional:nucleoConvolucional
 11. Parameter Settings for User Entity Instance: nucleoConvolucional:nucleoConvolucional|demux1x3:u_DEMUX_PEX
 12. Parameter Settings for User Entity Instance: nucleoConvolucional:nucleoConvolucional|multiplicador_conv:u_MUL_0
 13. Parameter Settings for User Entity Instance: nucleoConvolucional:nucleoConvolucional|multiplicador_conv:u_MUL_1
 14. Parameter Settings for User Entity Instance: nucleoConvolucional:nucleoConvolucional|multiplicador_conv:u_MUL_2
 15. Port Connectivity Checks: "nucleoConvolucional:nucleoConvolucional|multiplicador_conv:u_MUL_2"
 16. Port Connectivity Checks: "nucleoConvolucional:nucleoConvolucional|multiplicador_conv:u_MUL_1"
 17. Port Connectivity Checks: "nucleoConvolucional:nucleoConvolucional|multiplicador_conv:u_MUL_0"
 18. Post-Synthesis Netlist Statistics for Top Partition
 19. Elapsed Time Per Partition
 20. Analysis & Synthesis Messages



----------------
; Legal Notice ;
----------------
Copyright (C) 2020  Intel Corporation. All rights reserved.
Your use of Intel Corporation's design tools, logic functions 
and other software and tools, and any partner logic 
functions, and any output files from any of the foregoing 
(including device programming or simulation files), and any 
associated documentation or information are expressly subject 
to the terms and conditions of the Intel Program License 
Subscription Agreement, the Intel Quartus Prime License Agreement,
the Intel FPGA IP License Agreement, or other applicable license
agreement, including, without limitation, that your use is for
the sole purpose of programming logic devices manufactured by
Intel and sold by Intel or its authorized distributors.  Please
refer to the applicable agreement for further details, at
https://fpgasoftware.intel.com/eula.



+----------------------------------------------------------------------------------+
; Analysis & Synthesis Summary                                                     ;
+------------------------------------+---------------------------------------------+
; Analysis & Synthesis Status        ; Successful - Tue Mar 19 16:06:45 2024       ;
; Quartus Prime Version              ; 20.1.1 Build 720 11/11/2020 SJ Lite Edition ;
; Revision Name                      ; CNN2FPGAVHDL                                ;
; Top-level Entity Name              ; CNN2FPGAVHDL                                ;
; Family                             ; MAX 10                                      ;
; Total logic elements               ; 0                                           ;
;     Total combinational functions  ; 0                                           ;
;     Dedicated logic registers      ; 0                                           ;
; Total registers                    ; 0                                           ;
; Total pins                         ; 70                                          ;
; Total virtual pins                 ; 0                                           ;
; Total memory bits                  ; 0                                           ;
; Embedded Multiplier 9-bit elements ; 0                                           ;
; Total PLLs                         ; 0                                           ;
; UFM blocks                         ; 0                                           ;
; ADC blocks                         ; 0                                           ;
+------------------------------------+---------------------------------------------+


+------------------------------------------------------------------------------------------------------------+
; Analysis & Synthesis Settings                                                                              ;
+------------------------------------------------------------------+--------------------+--------------------+
; Option                                                           ; Setting            ; Default Value      ;
+------------------------------------------------------------------+--------------------+--------------------+
; Device                                                           ; 10M08DAF484C8G     ;                    ;
; Top-level entity name                                            ; CNN2FPGAVHDL       ; CNN2FPGAVHDL       ;
; Family name                                                      ; MAX 10             ; Cyclone V          ;
; Use smart compilation                                            ; Off                ; Off                ;
; Enable parallel Assembler and Timing Analyzer during compilation ; On                 ; On                 ;
; Enable compact report table                                      ; Off                ; Off                ;
; Restructure Multiplexers                                         ; Auto               ; Auto               ;
; Create Debugging Nodes for IP Cores                              ; Off                ; Off                ;
; Preserve fewer node names                                        ; On                 ; On                 ;
; Intel FPGA IP Evaluation Mode                                    ; Enable             ; Enable             ;
; Verilog Version                                                  ; Verilog_2001       ; Verilog_2001       ;
; VHDL Version                                                     ; VHDL_1993          ; VHDL_1993          ;
; State Machine Processing                                         ; Auto               ; Auto               ;
; Safe State Machine                                               ; Off                ; Off                ;
; Extract Verilog State Machines                                   ; On                 ; On                 ;
; Extract VHDL State Machines                                      ; On                 ; On                 ;
; Ignore Verilog initial constructs                                ; Off                ; Off                ;
; Iteration limit for constant Verilog loops                       ; 5000               ; 5000               ;
; Iteration limit for non-constant Verilog loops                   ; 250                ; 250                ;
; Add Pass-Through Logic to Inferred RAMs                          ; On                 ; On                 ;
; Infer RAMs from Raw Logic                                        ; On                 ; On                 ;
; Parallel Synthesis                                               ; On                 ; On                 ;
; DSP Block Balancing                                              ; Auto               ; Auto               ;
; NOT Gate Push-Back                                               ; On                 ; On                 ;
; Power-Up Don't Care                                              ; On                 ; On                 ;
; Remove Redundant Logic Cells                                     ; Off                ; Off                ;
; Remove Duplicate Registers                                       ; On                 ; On                 ;
; Ignore CARRY Buffers                                             ; Off                ; Off                ;
; Ignore CASCADE Buffers                                           ; Off                ; Off                ;
; Ignore GLOBAL Buffers                                            ; Off                ; Off                ;
; Ignore ROW GLOBAL Buffers                                        ; Off                ; Off                ;
; Ignore LCELL Buffers                                             ; Off                ; Off                ;
; Ignore SOFT Buffers                                              ; On                 ; On                 ;
; Limit AHDL Integers to 32 Bits                                   ; Off                ; Off                ;
; Optimization Technique                                           ; Balanced           ; Balanced           ;
; Carry Chain Length                                               ; 70                 ; 70                 ;
; Auto Carry Chains                                                ; On                 ; On                 ;
; Auto Open-Drain Pins                                             ; On                 ; On                 ;
; Perform WYSIWYG Primitive Resynthesis                            ; Off                ; Off                ;
; Auto ROM Replacement                                             ; On                 ; On                 ;
; Auto RAM Replacement                                             ; On                 ; On                 ;
; Auto DSP Block Replacement                                       ; On                 ; On                 ;
; Auto Shift Register Replacement                                  ; Auto               ; Auto               ;
; Allow Shift Register Merging across Hierarchies                  ; Auto               ; Auto               ;
; Auto Clock Enable Replacement                                    ; On                 ; On                 ;
; Strict RAM Replacement                                           ; Off                ; Off                ;
; Allow Synchronous Control Signals                                ; On                 ; On                 ;
; Force Use of Synchronous Clear Signals                           ; Off                ; Off                ;
; Auto RAM Block Balancing                                         ; On                 ; On                 ;
; Auto RAM to Logic Cell Conversion                                ; Off                ; Off                ;
; Auto Resource Sharing                                            ; Off                ; Off                ;
; Allow Any RAM Size For Recognition                               ; Off                ; Off                ;
; Allow Any ROM Size For Recognition                               ; Off                ; Off                ;
; Allow Any Shift Register Size For Recognition                    ; Off                ; Off                ;
; Use LogicLock Constraints during Resource Balancing              ; On                 ; On                 ;
; Ignore translate_off and synthesis_off directives                ; Off                ; Off                ;
; Timing-Driven Synthesis                                          ; On                 ; On                 ;
; Report Parameter Settings                                        ; On                 ; On                 ;
; Report Source Assignments                                        ; On                 ; On                 ;
; Report Connectivity Checks                                       ; On                 ; On                 ;
; Ignore Maximum Fan-Out Assignments                               ; Off                ; Off                ;
; Synchronization Register Chain Length                            ; 2                  ; 2                  ;
; Power Optimization During Synthesis                              ; Normal compilation ; Normal compilation ;
; HDL message level                                                ; Level2             ; Level2             ;
; Suppress Register Optimization Related Messages                  ; Off                ; Off                ;
; Number of Removed Registers Reported in Synthesis Report         ; 5000               ; 5000               ;
; Number of Swept Nodes Reported in Synthesis Report               ; 5000               ; 5000               ;
; Number of Inverted Registers Reported in Synthesis Report        ; 100                ; 100                ;
; Clock MUX Protection                                             ; On                 ; On                 ;
; Auto Gated Clock Conversion                                      ; Off                ; Off                ;
; Block Design Naming                                              ; Auto               ; Auto               ;
; SDC constraint protection                                        ; Off                ; Off                ;
; Synthesis Effort                                                 ; Auto               ; Auto               ;
; Shift Register Replacement - Allow Asynchronous Clear Signal     ; On                 ; On                 ;
; Pre-Mapping Resynthesis Optimization                             ; Off                ; Off                ;
; Analysis & Synthesis Message Level                               ; Medium             ; Medium             ;
; Disable Register Merging Across Hierarchies                      ; Auto               ; Auto               ;
; Resource Aware Inference For Block RAM                           ; On                 ; On                 ;
+------------------------------------------------------------------+--------------------+--------------------+


+------------------------------------------+
; Parallel Compilation                     ;
+----------------------------+-------------+
; Processors                 ; Number      ;
+----------------------------+-------------+
; Number detected on machine ; 12          ;
; Maximum allowed            ; 12          ;
;                            ;             ;
; Average used               ; 1.00        ;
; Maximum used               ; 1           ;
;                            ;             ;
; Usage by Processor         ; % Time Used ;
;     Processor 1            ; 100.0%      ;
+----------------------------+-------------+


+--------------------------------------------------------------------------------------------------------------------------------------------------------------------------+
; Analysis & Synthesis Source Files Read                                                                                                                                   ;
+----------------------------------+-----------------+-----------------+-----------------------------------------------------------------------------------------+---------+
; File Name with User-Entered Path ; Used in Netlist ; File Type       ; File Name with Absolute Path                                                            ; Library ;
+----------------------------------+-----------------+-----------------+-----------------------------------------------------------------------------------------+---------+
; CNN2FPGAVHDL.vhd                 ; yes             ; User VHDL File  ; C:/Users/jhzro/OneDrive/햞ea de Trabalho/CNN2FPGA/CNN2FPGA/VHDL/CNN2FPGAVHDL.vhd        ;         ;
; nucleoConvolucional.vhd          ; yes             ; User VHDL File  ; C:/Users/jhzro/OneDrive/햞ea de Trabalho/CNN2FPGA/CNN2FPGA/VHDL/nucleoConvolucional.vhd ;         ;
; multiplicador_conv.vhd           ; yes             ; User VHDL File  ; C:/Users/jhzro/OneDrive/햞ea de Trabalho/CNN2FPGA/CNN2FPGA/VHDL/multiplicador_conv.vhd  ;         ;
; demux1x3.vhd                     ; yes             ; User VHDL File  ; C:/Users/jhzro/OneDrive/햞ea de Trabalho/CNN2FPGA/CNN2FPGA/VHDL/demux1x3.vhd            ;         ;
+----------------------------------+-----------------+-----------------+-----------------------------------------------------------------------------------------+---------+


+-----------------------------------------------------+
; Analysis & Synthesis Resource Usage Summary         ;
+---------------------------------------------+-------+
; Resource                                    ; Usage ;
+---------------------------------------------+-------+
;                                             ;       ;
; Total combinational functions               ; 0     ;
; Logic element usage by number of LUT inputs ;       ;
;     -- 4 input functions                    ; 0     ;
;     -- 3 input functions                    ; 0     ;
;     -- <=2 input functions                  ; 0     ;
;                                             ;       ;
; Logic elements by mode                      ;       ;
;     -- normal mode                          ; 0     ;
;     -- arithmetic mode                      ; 0     ;
;                                             ;       ;
; Total registers                             ; 0     ;
;     -- Dedicated logic registers            ; 0     ;
;     -- I/O registers                        ; 0     ;
;                                             ;       ;
; I/O pins                                    ; 70    ;
;                                             ;       ;
; Embedded Multiplier 9-bit elements          ; 0     ;
;                                             ;       ;
; Maximum fan-out node                        ; i_CLK ;
; Maximum fan-out                             ; 1     ;
; Total fan-out                               ; 70    ;
; Average fan-out                             ; 0.50  ;
+---------------------------------------------+-------+


+-------------------------------------------------------------------------------------------------------------------------------------------------------------------------------------------------------------------------------------+
; Analysis & Synthesis Resource Utilization by Entity                                                                                                                                                                                 ;
+----------------------------+---------------------+---------------------------+-------------+------------+--------------+---------+-----------+------+--------------+------------+---------------------+--------------+--------------+
; Compilation Hierarchy Node ; Combinational ALUTs ; Dedicated Logic Registers ; Memory Bits ; UFM Blocks ; DSP Elements ; DSP 9x9 ; DSP 18x18 ; Pins ; Virtual Pins ; ADC blocks ; Full Hierarchy Name ; Entity Name  ; Library Name ;
+----------------------------+---------------------+---------------------------+-------------+------------+--------------+---------+-----------+------+--------------+------------+---------------------+--------------+--------------+
; |CNN2FPGAVHDL              ; 0 (0)               ; 0 (0)                     ; 0           ; 0          ; 0            ; 0       ; 0         ; 70   ; 0            ; 0          ; |CNN2FPGAVHDL       ; CNN2FPGAVHDL ; work         ;
+----------------------------+---------------------+---------------------------+-------------+------------+--------------+---------+-----------+------+--------------+------------+---------------------+--------------+--------------+
Note: For table entries with two numbers listed, the numbers in parentheses indicate the number of resources of the given type used by the specific entity alone. The numbers listed outside of parentheses indicate the total resources of the given type used by the specific entity and all of its sub-entities in the hierarchy.


+------------------------------------------------------+
; General Register Statistics                          ;
+----------------------------------------------+-------+
; Statistic                                    ; Value ;
+----------------------------------------------+-------+
; Total registers                              ; 0     ;
; Number of registers using Synchronous Clear  ; 0     ;
; Number of registers using Synchronous Load   ; 0     ;
; Number of registers using Asynchronous Clear ; 0     ;
; Number of registers using Asynchronous Load  ; 0     ;
; Number of registers using Clock Enable       ; 0     ;
; Number of registers using Preset             ; 0     ;
+----------------------------------------------+-------+


+------------------------------------------------------------------------------+
; Parameter Settings for User Entity Instance: Top-level Entity: |CNN2FPGAVHDL ;
+----------------+-------+-----------------------------------------------------+
; Parameter Name ; Value ; Type                                                ;
+----------------+-------+-----------------------------------------------------+
; i_DATA_WIDTH   ; 8     ; Signed Integer                                      ;
; w_CONV_OUT     ; 16    ; Signed Integer                                      ;
; o_DATA_WIDTH   ; 32    ; Signed Integer                                      ;
+----------------+-------+-----------------------------------------------------+
Note: In order to hide this table in the UI and the text report file, please set the "Show Parameter Settings in Synthesis Report" option in "Analysis and Synthesis Settings -> More Settings" to "Off".


+--------------------------------------------------------------------------------------+
; Parameter Settings for User Entity Instance: nucleoConvolucional:nucleoConvolucional ;
+----------------+-------+-------------------------------------------------------------+
; Parameter Name ; Value ; Type                                                        ;
+----------------+-------+-------------------------------------------------------------+
; i_data_width   ; 8     ; Signed Integer                                              ;
; w_conv_out     ; 16    ; Signed Integer                                              ;
; o_data_width   ; 32    ; Signed Integer                                              ;
+----------------+-------+-------------------------------------------------------------+
Note: In order to hide this table in the UI and the text report file, please set the "Show Parameter Settings in Synthesis Report" option in "Analysis and Synthesis Settings -> More Settings" to "Off".


+-----------------------------------------------------------------------------------------------------------+
; Parameter Settings for User Entity Instance: nucleoConvolucional:nucleoConvolucional|demux1x3:u_DEMUX_PEX ;
+----------------+-------+----------------------------------------------------------------------------------+
; Parameter Name ; Value ; Type                                                                             ;
+----------------+-------+----------------------------------------------------------------------------------+
; i_width        ; 8     ; Signed Integer                                                                   ;
+----------------+-------+----------------------------------------------------------------------------------+
Note: In order to hide this table in the UI and the text report file, please set the "Show Parameter Settings in Synthesis Report" option in "Analysis and Synthesis Settings -> More Settings" to "Off".


+-----------------------------------------------------------------------------------------------------------------+
; Parameter Settings for User Entity Instance: nucleoConvolucional:nucleoConvolucional|multiplicador_conv:u_MUL_0 ;
+----------------+-------+----------------------------------------------------------------------------------------+
; Parameter Name ; Value ; Type                                                                                   ;
+----------------+-------+----------------------------------------------------------------------------------------+
; i_data_width   ; 8     ; Signed Integer                                                                         ;
; o_data_width   ; 16    ; Signed Integer                                                                         ;
+----------------+-------+----------------------------------------------------------------------------------------+
Note: In order to hide this table in the UI and the text report file, please set the "Show Parameter Settings in Synthesis Report" option in "Analysis and Synthesis Settings -> More Settings" to "Off".


+-----------------------------------------------------------------------------------------------------------------+
; Parameter Settings for User Entity Instance: nucleoConvolucional:nucleoConvolucional|multiplicador_conv:u_MUL_1 ;
+----------------+-------+----------------------------------------------------------------------------------------+
; Parameter Name ; Value ; Type                                                                                   ;
+----------------+-------+----------------------------------------------------------------------------------------+
; i_data_width   ; 8     ; Signed Integer                                                                         ;
; o_data_width   ; 16    ; Signed Integer                                                                         ;
+----------------+-------+----------------------------------------------------------------------------------------+
Note: In order to hide this table in the UI and the text report file, please set the "Show Parameter Settings in Synthesis Report" option in "Analysis and Synthesis Settings -> More Settings" to "Off".


+-----------------------------------------------------------------------------------------------------------------+
; Parameter Settings for User Entity Instance: nucleoConvolucional:nucleoConvolucional|multiplicador_conv:u_MUL_2 ;
+----------------+-------+----------------------------------------------------------------------------------------+
; Parameter Name ; Value ; Type                                                                                   ;
+----------------+-------+----------------------------------------------------------------------------------------+
; i_data_width   ; 8     ; Signed Integer                                                                         ;
; o_data_width   ; 16    ; Signed Integer                                                                         ;
+----------------+-------+----------------------------------------------------------------------------------------+
Note: In order to hide this table in the UI and the text report file, please set the "Show Parameter Settings in Synthesis Report" option in "Analysis and Synthesis Settings -> More Settings" to "Off".


+------------------------------------------------------------------------------------------------------------------+
; Port Connectivity Checks: "nucleoConvolucional:nucleoConvolucional|multiplicador_conv:u_MUL_2"                   ;
+--------+--------+----------+-------------------------------------------------------------------------------------+
; Port   ; Type   ; Severity ; Details                                                                             ;
+--------+--------+----------+-------------------------------------------------------------------------------------+
; o_data ; Output ; Info     ; Connected to dangling logic. Logic that only feeds a dangling port will be removed. ;
+--------+--------+----------+-------------------------------------------------------------------------------------+


+------------------------------------------------------------------------------------------------------------------+
; Port Connectivity Checks: "nucleoConvolucional:nucleoConvolucional|multiplicador_conv:u_MUL_1"                   ;
+--------+--------+----------+-------------------------------------------------------------------------------------+
; Port   ; Type   ; Severity ; Details                                                                             ;
+--------+--------+----------+-------------------------------------------------------------------------------------+
; o_data ; Output ; Info     ; Connected to dangling logic. Logic that only feeds a dangling port will be removed. ;
+--------+--------+----------+-------------------------------------------------------------------------------------+


+------------------------------------------------------------------------------------------------------------------+
; Port Connectivity Checks: "nucleoConvolucional:nucleoConvolucional|multiplicador_conv:u_MUL_0"                   ;
+--------+--------+----------+-------------------------------------------------------------------------------------+
; Port   ; Type   ; Severity ; Details                                                                             ;
+--------+--------+----------+-------------------------------------------------------------------------------------+
; o_data ; Output ; Info     ; Connected to dangling logic. Logic that only feeds a dangling port will be removed. ;
+--------+--------+----------+-------------------------------------------------------------------------------------+


+-----------------------------------------------------+
; Post-Synthesis Netlist Statistics for Top Partition ;
+-----------------------+-----------------------------+
; Type                  ; Count                       ;
+-----------------------+-----------------------------+
; boundary_port         ; 70                          ;
; cycloneiii_lcell_comb ; 1                           ;
;     normal            ; 1                           ;
;         0 data inputs ; 1                           ;
;                       ;                             ;
; Max LUT depth         ; 0.00                        ;
; Average LUT depth     ; 0.00                        ;
+-----------------------+-----------------------------+


+-------------------------------+
; Elapsed Time Per Partition    ;
+----------------+--------------+
; Partition Name ; Elapsed Time ;
+----------------+--------------+
; Top            ; 00:00:00     ;
+----------------+--------------+


+-------------------------------+
; Analysis & Synthesis Messages ;
+-------------------------------+
Info: *******************************************************************
Info: Running Quartus Prime Analysis & Synthesis
    Info: Version 20.1.1 Build 720 11/11/2020 SJ Lite Edition
    Info: Processing started: Tue Mar 19 16:06:38 2024
Info: Command: quartus_map --read_settings_files=on --write_settings_files=off CNN2FPGAVHDL -c CNN2FPGAVHDL
Warning (18236): Number of processors has not been specified which may cause overloading on shared machines.  Set the global assignment NUM_PARALLEL_PROCESSORS in your QSF to an appropriate value for best performance.
Info (20030): Parallel compilation is enabled and will use 12 of the 12 processors detected
Info (12021): Found 2 design units, including 1 entities, in source file cnn2fpgavhdl.vhd
    Info (12022): Found design unit 1: CNN2FPGAVHDL-arc File: C:/Users/jhzro/OneDrive/햞ea de Trabalho/CNN2FPGA/CNN2FPGA/VHDL/CNN2FPGAVHDL.vhd Line: 22
    Info (12023): Found entity 1: CNN2FPGAVHDL File: C:/Users/jhzro/OneDrive/햞ea de Trabalho/CNN2FPGA/CNN2FPGA/VHDL/CNN2FPGAVHDL.vhd Line: 5
Info (12021): Found 2 design units, including 1 entities, in source file multiplicator.vhd
    Info (12022): Found design unit 1: multiplicator-arc File: C:/Users/jhzro/OneDrive/햞ea de Trabalho/CNN2FPGA/CNN2FPGA/VHDL/multiplicator.vhd Line: 15
    Info (12023): Found entity 1: multiplicator File: C:/Users/jhzro/OneDrive/햞ea de Trabalho/CNN2FPGA/CNN2FPGA/VHDL/multiplicator.vhd Line: 5
Info (12021): Found 2 design units, including 1 entities, in source file adder_9in.vhd
    Info (12022): Found design unit 1: Adder_9in-arc File: C:/Users/jhzro/OneDrive/햞ea de Trabalho/CNN2FPGA/CNN2FPGA/VHDL/Adder_9in.vhd Line: 21
    Info (12023): Found entity 1: Adder_9in File: C:/Users/jhzro/OneDrive/햞ea de Trabalho/CNN2FPGA/CNN2FPGA/VHDL/Adder_9in.vhd Line: 5
Info (12021): Found 2 design units, including 1 entities, in source file multiplexer_9.vhd
    Info (12022): Found design unit 1: Multiplexer_9-arc File: C:/Users/jhzro/OneDrive/햞ea de Trabalho/CNN2FPGA/CNN2FPGA/VHDL/Multiplexer_9.vhd Line: 23
    Info (12023): Found entity 1: Multiplexer_9 File: C:/Users/jhzro/OneDrive/햞ea de Trabalho/CNN2FPGA/CNN2FPGA/VHDL/Multiplexer_9.vhd Line: 5
Info (12021): Found 2 design units, including 1 entities, in source file convolutionallayerim4x4k2x2.vhd
    Info (12022): Found design unit 1: ConvolutionalLayerIm4x4K2x2-arc File: C:/Users/jhzro/OneDrive/햞ea de Trabalho/CNN2FPGA/CNN2FPGA/VHDL/ConvolutionalLayerIm4x4K2x2.vhd Line: 25
    Info (12023): Found entity 1: ConvolutionalLayerIm4x4K2x2 File: C:/Users/jhzro/OneDrive/햞ea de Trabalho/CNN2FPGA/CNN2FPGA/VHDL/ConvolutionalLayerIm4x4K2x2.vhd Line: 5
Info (12021): Found 2 design units, including 1 entities, in source file switcher_9.vhd
    Info (12022): Found design unit 1: Switcher_9-arc File: C:/Users/jhzro/OneDrive/햞ea de Trabalho/CNN2FPGA/CNN2FPGA/VHDL/Switcher_9.vhd Line: 23
    Info (12023): Found entity 1: Switcher_9 File: C:/Users/jhzro/OneDrive/햞ea de Trabalho/CNN2FPGA/CNN2FPGA/VHDL/Switcher_9.vhd Line: 5
Info (12021): Found 2 design units, including 1 entities, in source file matrixmultiplier_4px.vhd
    Info (12022): Found design unit 1: MatrixMultiplier_4px-arc File: C:/Users/jhzro/OneDrive/햞ea de Trabalho/CNN2FPGA/CNN2FPGA/VHDL/MatrixMultiplier_4px.vhd Line: 15
    Info (12023): Found entity 1: MatrixMultiplier_4px File: C:/Users/jhzro/OneDrive/햞ea de Trabalho/CNN2FPGA/CNN2FPGA/VHDL/MatrixMultiplier_4px.vhd Line: 5
Info (12021): Found 2 design units, including 1 entities, in source file adder_4in.vhd
    Info (12022): Found design unit 1: Adder_4in-arc File: C:/Users/jhzro/OneDrive/햞ea de Trabalho/CNN2FPGA/CNN2FPGA/VHDL/Adder_4in.vhd Line: 16
    Info (12023): Found entity 1: Adder_4in File: C:/Users/jhzro/OneDrive/햞ea de Trabalho/CNN2FPGA/CNN2FPGA/VHDL/Adder_4in.vhd Line: 5
Info (12021): Found 2 design units, including 1 entities, in source file arvore_soma_conv_9.vhd
    Info (12022): Found design unit 1: arvore_soma_conv_9-arc File: C:/Users/jhzro/OneDrive/햞ea de Trabalho/CNN2FPGA/CNN2FPGA/VHDL/arvore_soma_conv_9.vhd Line: 21
    Info (12023): Found entity 1: arvore_soma_conv_9 File: C:/Users/jhzro/OneDrive/햞ea de Trabalho/CNN2FPGA/CNN2FPGA/VHDL/arvore_soma_conv_9.vhd Line: 5
Info (12021): Found 2 design units, including 1 entities, in source file nucleoconvolucional.vhd
    Info (12022): Found design unit 1: nucleoConvolucional-arc File: C:/Users/jhzro/OneDrive/햞ea de Trabalho/CNN2FPGA/CNN2FPGA/VHDL/nucleoConvolucional.vhd Line: 22
    Info (12023): Found entity 1: nucleoConvolucional File: C:/Users/jhzro/OneDrive/햞ea de Trabalho/CNN2FPGA/CNN2FPGA/VHDL/nucleoConvolucional.vhd Line: 5
Info (12021): Found 2 design units, including 1 entities, in source file multiplicador_conv.vhd
    Info (12022): Found design unit 1: multiplicador_conv-arc File: C:/Users/jhzro/OneDrive/햞ea de Trabalho/CNN2FPGA/CNN2FPGA/VHDL/multiplicador_conv.vhd Line: 14
    Info (12023): Found entity 1: multiplicador_conv File: C:/Users/jhzro/OneDrive/햞ea de Trabalho/CNN2FPGA/CNN2FPGA/VHDL/multiplicador_conv.vhd Line: 5
Info (12021): Found 2 design units, including 1 entities, in source file demux1x3.vhd
    Info (12022): Found design unit 1: demux1x3-arc File: C:/Users/jhzro/OneDrive/햞ea de Trabalho/CNN2FPGA/CNN2FPGA/VHDL/demux1x3.vhd Line: 15
    Info (12023): Found entity 1: demux1x3 File: C:/Users/jhzro/OneDrive/햞ea de Trabalho/CNN2FPGA/CNN2FPGA/VHDL/demux1x3.vhd Line: 5
Info (12127): Elaborating entity "CNN2FPGAVHDL" for the top level hierarchy
Info (12128): Elaborating entity "nucleoConvolucional" for hierarchy "nucleoConvolucional:nucleoConvolucional" File: C:/Users/jhzro/OneDrive/햞ea de Trabalho/CNN2FPGA/CNN2FPGA/VHDL/CNN2FPGAVHDL.vhd Line: 26
Warning (10541): VHDL Signal Declaration warning at nucleoConvolucional.vhd(18): used implicit default value for signal "o_PIX" because signal was never assigned a value or an explicit default value. Use of implicit default value may introduce unintended design optimizations. File: C:/Users/jhzro/OneDrive/햞ea de Trabalho/CNN2FPGA/CNN2FPGA/VHDL/nucleoConvolucional.vhd Line: 18
Warning (10036): Verilog HDL or VHDL warning at nucleoConvolucional.vhd(34): object "w_MULT_OUT" assigned a value but never read File: C:/Users/jhzro/OneDrive/햞ea de Trabalho/CNN2FPGA/CNN2FPGA/VHDL/nucleoConvolucional.vhd Line: 34
Info (12128): Elaborating entity "demux1x3" for hierarchy "nucleoConvolucional:nucleoConvolucional|demux1x3:u_DEMUX_PEX" File: C:/Users/jhzro/OneDrive/햞ea de Trabalho/CNN2FPGA/CNN2FPGA/VHDL/nucleoConvolucional.vhd Line: 38
Info (12128): Elaborating entity "multiplicador_conv" for hierarchy "nucleoConvolucional:nucleoConvolucional|multiplicador_conv:u_MUL_0" File: C:/Users/jhzro/OneDrive/햞ea de Trabalho/CNN2FPGA/CNN2FPGA/VHDL/nucleoConvolucional.vhd Line: 50
Warning (13024): Output pins are stuck at VCC or GND
    Warning (13410): Pin "o_PIX[0]" is stuck at GND File: C:/Users/jhzro/OneDrive/햞ea de Trabalho/CNN2FPGA/CNN2FPGA/VHDL/CNN2FPGAVHDL.vhd Line: 18
    Warning (13410): Pin "o_PIX[1]" is stuck at GND File: C:/Users/jhzro/OneDrive/햞ea de Trabalho/CNN2FPGA/CNN2FPGA/VHDL/CNN2FPGAVHDL.vhd Line: 18
    Warning (13410): Pin "o_PIX[2]" is stuck at GND File: C:/Users/jhzro/OneDrive/햞ea de Trabalho/CNN2FPGA/CNN2FPGA/VHDL/CNN2FPGAVHDL.vhd Line: 18
    Warning (13410): Pin "o_PIX[3]" is stuck at GND File: C:/Users/jhzro/OneDrive/햞ea de Trabalho/CNN2FPGA/CNN2FPGA/VHDL/CNN2FPGAVHDL.vhd Line: 18
    Warning (13410): Pin "o_PIX[4]" is stuck at GND File: C:/Users/jhzro/OneDrive/햞ea de Trabalho/CNN2FPGA/CNN2FPGA/VHDL/CNN2FPGAVHDL.vhd Line: 18
    Warning (13410): Pin "o_PIX[5]" is stuck at GND File: C:/Users/jhzro/OneDrive/햞ea de Trabalho/CNN2FPGA/CNN2FPGA/VHDL/CNN2FPGAVHDL.vhd Line: 18
    Warning (13410): Pin "o_PIX[6]" is stuck at GND File: C:/Users/jhzro/OneDrive/햞ea de Trabalho/CNN2FPGA/CNN2FPGA/VHDL/CNN2FPGAVHDL.vhd Line: 18
    Warning (13410): Pin "o_PIX[7]" is stuck at GND File: C:/Users/jhzro/OneDrive/햞ea de Trabalho/CNN2FPGA/CNN2FPGA/VHDL/CNN2FPGAVHDL.vhd Line: 18
    Warning (13410): Pin "o_PIX[8]" is stuck at GND File: C:/Users/jhzro/OneDrive/햞ea de Trabalho/CNN2FPGA/CNN2FPGA/VHDL/CNN2FPGAVHDL.vhd Line: 18
    Warning (13410): Pin "o_PIX[9]" is stuck at GND File: C:/Users/jhzro/OneDrive/햞ea de Trabalho/CNN2FPGA/CNN2FPGA/VHDL/CNN2FPGAVHDL.vhd Line: 18
    Warning (13410): Pin "o_PIX[10]" is stuck at GND File: C:/Users/jhzro/OneDrive/햞ea de Trabalho/CNN2FPGA/CNN2FPGA/VHDL/CNN2FPGAVHDL.vhd Line: 18
    Warning (13410): Pin "o_PIX[11]" is stuck at GND File: C:/Users/jhzro/OneDrive/햞ea de Trabalho/CNN2FPGA/CNN2FPGA/VHDL/CNN2FPGAVHDL.vhd Line: 18
    Warning (13410): Pin "o_PIX[12]" is stuck at GND File: C:/Users/jhzro/OneDrive/햞ea de Trabalho/CNN2FPGA/CNN2FPGA/VHDL/CNN2FPGAVHDL.vhd Line: 18
    Warning (13410): Pin "o_PIX[13]" is stuck at GND File: C:/Users/jhzro/OneDrive/햞ea de Trabalho/CNN2FPGA/CNN2FPGA/VHDL/CNN2FPGAVHDL.vhd Line: 18
    Warning (13410): Pin "o_PIX[14]" is stuck at GND File: C:/Users/jhzro/OneDrive/햞ea de Trabalho/CNN2FPGA/CNN2FPGA/VHDL/CNN2FPGAVHDL.vhd Line: 18
    Warning (13410): Pin "o_PIX[15]" is stuck at GND File: C:/Users/jhzro/OneDrive/햞ea de Trabalho/CNN2FPGA/CNN2FPGA/VHDL/CNN2FPGAVHDL.vhd Line: 18
    Warning (13410): Pin "o_PIX[16]" is stuck at GND File: C:/Users/jhzro/OneDrive/햞ea de Trabalho/CNN2FPGA/CNN2FPGA/VHDL/CNN2FPGAVHDL.vhd Line: 18
    Warning (13410): Pin "o_PIX[17]" is stuck at GND File: C:/Users/jhzro/OneDrive/햞ea de Trabalho/CNN2FPGA/CNN2FPGA/VHDL/CNN2FPGAVHDL.vhd Line: 18
    Warning (13410): Pin "o_PIX[18]" is stuck at GND File: C:/Users/jhzro/OneDrive/햞ea de Trabalho/CNN2FPGA/CNN2FPGA/VHDL/CNN2FPGAVHDL.vhd Line: 18
    Warning (13410): Pin "o_PIX[19]" is stuck at GND File: C:/Users/jhzro/OneDrive/햞ea de Trabalho/CNN2FPGA/CNN2FPGA/VHDL/CNN2FPGAVHDL.vhd Line: 18
    Warning (13410): Pin "o_PIX[20]" is stuck at GND File: C:/Users/jhzro/OneDrive/햞ea de Trabalho/CNN2FPGA/CNN2FPGA/VHDL/CNN2FPGAVHDL.vhd Line: 18
    Warning (13410): Pin "o_PIX[21]" is stuck at GND File: C:/Users/jhzro/OneDrive/햞ea de Trabalho/CNN2FPGA/CNN2FPGA/VHDL/CNN2FPGAVHDL.vhd Line: 18
    Warning (13410): Pin "o_PIX[22]" is stuck at GND File: C:/Users/jhzro/OneDrive/햞ea de Trabalho/CNN2FPGA/CNN2FPGA/VHDL/CNN2FPGAVHDL.vhd Line: 18
    Warning (13410): Pin "o_PIX[23]" is stuck at GND File: C:/Users/jhzro/OneDrive/햞ea de Trabalho/CNN2FPGA/CNN2FPGA/VHDL/CNN2FPGAVHDL.vhd Line: 18
    Warning (13410): Pin "o_PIX[24]" is stuck at GND File: C:/Users/jhzro/OneDrive/햞ea de Trabalho/CNN2FPGA/CNN2FPGA/VHDL/CNN2FPGAVHDL.vhd Line: 18
    Warning (13410): Pin "o_PIX[25]" is stuck at GND File: C:/Users/jhzro/OneDrive/햞ea de Trabalho/CNN2FPGA/CNN2FPGA/VHDL/CNN2FPGAVHDL.vhd Line: 18
    Warning (13410): Pin "o_PIX[26]" is stuck at GND File: C:/Users/jhzro/OneDrive/햞ea de Trabalho/CNN2FPGA/CNN2FPGA/VHDL/CNN2FPGAVHDL.vhd Line: 18
    Warning (13410): Pin "o_PIX[27]" is stuck at GND File: C:/Users/jhzro/OneDrive/햞ea de Trabalho/CNN2FPGA/CNN2FPGA/VHDL/CNN2FPGAVHDL.vhd Line: 18
    Warning (13410): Pin "o_PIX[28]" is stuck at GND File: C:/Users/jhzro/OneDrive/햞ea de Trabalho/CNN2FPGA/CNN2FPGA/VHDL/CNN2FPGAVHDL.vhd Line: 18
    Warning (13410): Pin "o_PIX[29]" is stuck at GND File: C:/Users/jhzro/OneDrive/햞ea de Trabalho/CNN2FPGA/CNN2FPGA/VHDL/CNN2FPGAVHDL.vhd Line: 18
    Warning (13410): Pin "o_PIX[30]" is stuck at GND File: C:/Users/jhzro/OneDrive/햞ea de Trabalho/CNN2FPGA/CNN2FPGA/VHDL/CNN2FPGAVHDL.vhd Line: 18
    Warning (13410): Pin "o_PIX[31]" is stuck at GND File: C:/Users/jhzro/OneDrive/햞ea de Trabalho/CNN2FPGA/CNN2FPGA/VHDL/CNN2FPGAVHDL.vhd Line: 18
Info (16010): Generating hard_block partition "hard_block:auto_generated_inst"
    Info (16011): Adding 0 node(s), including 0 DDIO, 0 PLL, 0 transceiver and 0 LCELL
Warning (21074): Design contains 38 input pin(s) that do not drive logic
    Warning (15610): No output dependent on input pin "i_CLK" File: C:/Users/jhzro/OneDrive/햞ea de Trabalho/CNN2FPGA/CNN2FPGA/VHDL/CNN2FPGAVHDL.vhd Line: 9
    Warning (15610): No output dependent on input pin "i_CLR" File: C:/Users/jhzro/OneDrive/햞ea de Trabalho/CNN2FPGA/CNN2FPGA/VHDL/CNN2FPGAVHDL.vhd Line: 10
    Warning (15610): No output dependent on input pin "i_PIX_SHIFT_ENA" File: C:/Users/jhzro/OneDrive/햞ea de Trabalho/CNN2FPGA/CNN2FPGA/VHDL/CNN2FPGAVHDL.vhd Line: 11
    Warning (15610): No output dependent on input pin "i_WEIGHT_SHIFT_ENA" File: C:/Users/jhzro/OneDrive/햞ea de Trabalho/CNN2FPGA/CNN2FPGA/VHDL/CNN2FPGAVHDL.vhd Line: 12
    Warning (15610): No output dependent on input pin "i_WEIGHT[0]" File: C:/Users/jhzro/OneDrive/햞ea de Trabalho/CNN2FPGA/CNN2FPGA/VHDL/CNN2FPGAVHDL.vhd Line: 13
    Warning (15610): No output dependent on input pin "i_WEIGHT[1]" File: C:/Users/jhzro/OneDrive/햞ea de Trabalho/CNN2FPGA/CNN2FPGA/VHDL/CNN2FPGAVHDL.vhd Line: 13
    Warning (15610): No output dependent on input pin "i_WEIGHT[2]" File: C:/Users/jhzro/OneDrive/햞ea de Trabalho/CNN2FPGA/CNN2FPGA/VHDL/CNN2FPGAVHDL.vhd Line: 13
    Warning (15610): No output dependent on input pin "i_WEIGHT[3]" File: C:/Users/jhzro/OneDrive/햞ea de Trabalho/CNN2FPGA/CNN2FPGA/VHDL/CNN2FPGAVHDL.vhd Line: 13
    Warning (15610): No output dependent on input pin "i_WEIGHT[4]" File: C:/Users/jhzro/OneDrive/햞ea de Trabalho/CNN2FPGA/CNN2FPGA/VHDL/CNN2FPGAVHDL.vhd Line: 13
    Warning (15610): No output dependent on input pin "i_WEIGHT[5]" File: C:/Users/jhzro/OneDrive/햞ea de Trabalho/CNN2FPGA/CNN2FPGA/VHDL/CNN2FPGAVHDL.vhd Line: 13
    Warning (15610): No output dependent on input pin "i_WEIGHT[6]" File: C:/Users/jhzro/OneDrive/햞ea de Trabalho/CNN2FPGA/CNN2FPGA/VHDL/CNN2FPGAVHDL.vhd Line: 13
    Warning (15610): No output dependent on input pin "i_WEIGHT[7]" File: C:/Users/jhzro/OneDrive/햞ea de Trabalho/CNN2FPGA/CNN2FPGA/VHDL/CNN2FPGAVHDL.vhd Line: 13
    Warning (15610): No output dependent on input pin "i_PIX_ROW_0[0]" File: C:/Users/jhzro/OneDrive/햞ea de Trabalho/CNN2FPGA/CNN2FPGA/VHDL/CNN2FPGAVHDL.vhd Line: 14
    Warning (15610): No output dependent on input pin "i_PIX_ROW_0[1]" File: C:/Users/jhzro/OneDrive/햞ea de Trabalho/CNN2FPGA/CNN2FPGA/VHDL/CNN2FPGAVHDL.vhd Line: 14
    Warning (15610): No output dependent on input pin "i_PIX_ROW_0[2]" File: C:/Users/jhzro/OneDrive/햞ea de Trabalho/CNN2FPGA/CNN2FPGA/VHDL/CNN2FPGAVHDL.vhd Line: 14
    Warning (15610): No output dependent on input pin "i_PIX_ROW_0[3]" File: C:/Users/jhzro/OneDrive/햞ea de Trabalho/CNN2FPGA/CNN2FPGA/VHDL/CNN2FPGAVHDL.vhd Line: 14
    Warning (15610): No output dependent on input pin "i_PIX_ROW_0[4]" File: C:/Users/jhzro/OneDrive/햞ea de Trabalho/CNN2FPGA/CNN2FPGA/VHDL/CNN2FPGAVHDL.vhd Line: 14
    Warning (15610): No output dependent on input pin "i_PIX_ROW_0[5]" File: C:/Users/jhzro/OneDrive/햞ea de Trabalho/CNN2FPGA/CNN2FPGA/VHDL/CNN2FPGAVHDL.vhd Line: 14
    Warning (15610): No output dependent on input pin "i_PIX_ROW_0[6]" File: C:/Users/jhzro/OneDrive/햞ea de Trabalho/CNN2FPGA/CNN2FPGA/VHDL/CNN2FPGAVHDL.vhd Line: 14
    Warning (15610): No output dependent on input pin "i_PIX_ROW_0[7]" File: C:/Users/jhzro/OneDrive/햞ea de Trabalho/CNN2FPGA/CNN2FPGA/VHDL/CNN2FPGAVHDL.vhd Line: 14
    Warning (15610): No output dependent on input pin "i_PIX_ROW_1[0]" File: C:/Users/jhzro/OneDrive/햞ea de Trabalho/CNN2FPGA/CNN2FPGA/VHDL/CNN2FPGAVHDL.vhd Line: 15
    Warning (15610): No output dependent on input pin "i_PIX_ROW_1[1]" File: C:/Users/jhzro/OneDrive/햞ea de Trabalho/CNN2FPGA/CNN2FPGA/VHDL/CNN2FPGAVHDL.vhd Line: 15
    Warning (15610): No output dependent on input pin "i_PIX_ROW_1[2]" File: C:/Users/jhzro/OneDrive/햞ea de Trabalho/CNN2FPGA/CNN2FPGA/VHDL/CNN2FPGAVHDL.vhd Line: 15
    Warning (15610): No output dependent on input pin "i_PIX_ROW_1[3]" File: C:/Users/jhzro/OneDrive/햞ea de Trabalho/CNN2FPGA/CNN2FPGA/VHDL/CNN2FPGAVHDL.vhd Line: 15
    Warning (15610): No output dependent on input pin "i_PIX_ROW_1[4]" File: C:/Users/jhzro/OneDrive/햞ea de Trabalho/CNN2FPGA/CNN2FPGA/VHDL/CNN2FPGAVHDL.vhd Line: 15
    Warning (15610): No output dependent on input pin "i_PIX_ROW_1[5]" File: C:/Users/jhzro/OneDrive/햞ea de Trabalho/CNN2FPGA/CNN2FPGA/VHDL/CNN2FPGAVHDL.vhd Line: 15
    Warning (15610): No output dependent on input pin "i_PIX_ROW_1[6]" File: C:/Users/jhzro/OneDrive/햞ea de Trabalho/CNN2FPGA/CNN2FPGA/VHDL/CNN2FPGAVHDL.vhd Line: 15
    Warning (15610): No output dependent on input pin "i_PIX_ROW_1[7]" File: C:/Users/jhzro/OneDrive/햞ea de Trabalho/CNN2FPGA/CNN2FPGA/VHDL/CNN2FPGAVHDL.vhd Line: 15
    Warning (15610): No output dependent on input pin "i_PIX_ROW_2[0]" File: C:/Users/jhzro/OneDrive/햞ea de Trabalho/CNN2FPGA/CNN2FPGA/VHDL/CNN2FPGAVHDL.vhd Line: 16
    Warning (15610): No output dependent on input pin "i_PIX_ROW_2[1]" File: C:/Users/jhzro/OneDrive/햞ea de Trabalho/CNN2FPGA/CNN2FPGA/VHDL/CNN2FPGAVHDL.vhd Line: 16
    Warning (15610): No output dependent on input pin "i_PIX_ROW_2[2]" File: C:/Users/jhzro/OneDrive/햞ea de Trabalho/CNN2FPGA/CNN2FPGA/VHDL/CNN2FPGAVHDL.vhd Line: 16
    Warning (15610): No output dependent on input pin "i_PIX_ROW_2[3]" File: C:/Users/jhzro/OneDrive/햞ea de Trabalho/CNN2FPGA/CNN2FPGA/VHDL/CNN2FPGAVHDL.vhd Line: 16
    Warning (15610): No output dependent on input pin "i_PIX_ROW_2[4]" File: C:/Users/jhzro/OneDrive/햞ea de Trabalho/CNN2FPGA/CNN2FPGA/VHDL/CNN2FPGAVHDL.vhd Line: 16
    Warning (15610): No output dependent on input pin "i_PIX_ROW_2[5]" File: C:/Users/jhzro/OneDrive/햞ea de Trabalho/CNN2FPGA/CNN2FPGA/VHDL/CNN2FPGAVHDL.vhd Line: 16
    Warning (15610): No output dependent on input pin "i_PIX_ROW_2[6]" File: C:/Users/jhzro/OneDrive/햞ea de Trabalho/CNN2FPGA/CNN2FPGA/VHDL/CNN2FPGAVHDL.vhd Line: 16
    Warning (15610): No output dependent on input pin "i_PIX_ROW_2[7]" File: C:/Users/jhzro/OneDrive/햞ea de Trabalho/CNN2FPGA/CNN2FPGA/VHDL/CNN2FPGAVHDL.vhd Line: 16
    Warning (15610): No output dependent on input pin "i_WEIGHT_ROW_SEL[0]" File: C:/Users/jhzro/OneDrive/햞ea de Trabalho/CNN2FPGA/CNN2FPGA/VHDL/CNN2FPGAVHDL.vhd Line: 17
    Warning (15610): No output dependent on input pin "i_WEIGHT_ROW_SEL[1]" File: C:/Users/jhzro/OneDrive/햞ea de Trabalho/CNN2FPGA/CNN2FPGA/VHDL/CNN2FPGAVHDL.vhd Line: 17
Info (21057): Implemented 70 device resources after synthesis - the final resource count might be different
    Info (21058): Implemented 38 input pins
    Info (21059): Implemented 32 output pins
Info: Quartus Prime Analysis & Synthesis was successful. 0 errors, 75 warnings
    Info: Peak virtual memory: 4773 megabytes
    Info: Processing ended: Tue Mar 19 16:06:45 2024
    Info: Elapsed time: 00:00:07
    Info: Total CPU time (on all processors): 00:00:15


